<?xml version="1.0" encoding="utf-8"?><testsuites name="pytest tests"><testsuite name="pytest" errors="0" failures="0" skipped="0" tests="11" time="4.899" timestamp="2026-06-30T10:12:41.398158+00:00" hostname="agent-env-e742ab04-dafe-4771-b23d-4d0248b93794"><testcase classname="backend.tests.test_fase2.TestGetSettings" name="test_defaults" time="0.619" /><testcase classname="backend.tests.test_fase2.TestGetSettings" name="test_requires_auth" time="0.162" /><testcase classname="backend.tests.test_fase2.TestOwnerApplyImmediately" name="test_apply_and_persist" time="0.241" /><testcase classname="backend.tests.test_fase2.TestOwnerApplyImmediately" name="test_invalid_tolerance_negative" time="0.412" /><testcase classname="backend.tests.test_fase2.TestOwnerApplyImmediately" name="test_invalid_tolerance_too_large" time="0.147" /><testcase classname="backend.tests.test_fase2.TestOwnerApplyImmediately" name="test_invalid_hhmm" time="0.813" /><testcase classname="backend.tests.test_fase2.TestHrdApprovalFlow" name="test_hrd_creates_pending_request_then_owner_approves" time="1.231" /><testcase classname="backend.tests.test_fase2.TestThreeStatusComputeAndRekap" name="test_compute_status_direct" time="0.474" /><testcase classname="backend.tests.test_fase2.TestThreeStatusComputeAndRekap" name="test_summary_includes_tolerance_field" time="0.176" /><testcase classname="backend.tests.test_fase2.TestExports" name="test_xlsx_two_sheets_and_toleransi_column" time="0.173" /><testcase classname="backend.tests.test_fase2.TestExports" name="test_pdf_magic_and_toleransi" time="0.385" /></testsuite></testsuites>