<?xml version="1.0" encoding="utf-8"?><testsuites name="pytest tests"><testsuite name="pytest" errors="0" failures="0" skipped="0" tests="14" time="6.002" timestamp="2026-06-30T11:11:11.199198+00:00" hostname="agent-env-e742ab04-dafe-4771-b23d-4d0248b93794"><testcase classname="backend.tests.test_fase4_late_kpi.TestLateApprovalFlow" name="test_staff_forbidden_on_late_pending" time="4.334" /><testcase classname="backend.tests.test_fase4_late_kpi.TestLateApprovalFlow" name="test_hrd_sees_pending" time="0.077" /><testcase classname="backend.tests.test_fase4_late_kpi.TestLateApprovalFlow" name="test_staff_forbidden_on_approve" time="0.092" /><testcase classname="backend.tests.test_fase4_late_kpi.TestLateApprovalFlow" name="test_approve_compensated_under_10am" time="0.140" /><testcase classname="backend.tests.test_fase4_late_kpi.TestLateApprovalFlow" name="test_approve_no_compensate_10_to_12" time="0.127" /><testcase classname="backend.tests.test_fase4_late_kpi.TestLateApprovalFlow" name="test_reject_sets_yellow_card" time="0.095" /><testcase classname="backend.tests.test_fase4_late_kpi.TestPotongCuti" name="test_balance_includes_deductions" time="0.100" /><testcase classname="backend.tests.test_fase4_late_kpi.TestLateReason" name="test_404_when_no_late_today" time="0.074" /><testcase classname="backend.tests.test_fase4_late_kpi.TestLateReason" name="test_sets_reason_for_today" time="0.107" /><testcase classname="backend.tests.test_fase4_late_kpi.TestKpiDiscipline" name="test_owner_can_access" time="0.087" /><testcase classname="backend.tests.test_fase4_late_kpi.TestKpiDiscipline" name="test_hrd_can_access" time="0.075" /><testcase classname="backend.tests.test_fase4_late_kpi.TestKpiDiscipline" name="test_manager_blocked_then_unblocked" time="0.323" /><testcase classname="backend.tests.test_fase4_late_kpi.TestKpiDiscipline" name="test_staff_forbidden" time="0.128" /><testcase classname="backend.tests.test_fase4_late_kpi.TestKpiDiscipline" name="test_rows_aggregate_and_sorted" time="0.087" /></testsuite></testsuites>