<?xml version="1.0" encoding="utf-8"?><testsuites name="pytest tests"><testsuite name="pytest" errors="0" failures="0" skipped="0" tests="8" time="6.394" timestamp="2026-06-30T09:11:09.948605+00:00" hostname="agent-env-e742ab04-dafe-4771-b23d-4d0248b93794"><testcase classname="backend.tests.test_fase1.TestChangePassword" name="test_wrong_current_password" time="2.037" /><testcase classname="backend.tests.test_fase1.TestChangePassword" name="test_new_password_too_short" time="0.764" /><testcase classname="backend.tests.test_fase1.TestChangePassword" name="test_new_same_as_current" time="0.636" /><testcase classname="backend.tests.test_fase1.TestChangePassword" name="test_valid_change_then_login" time="1.820" /><testcase classname="backend.tests.test_fase1.TestExportSummaryDetail" name="test_xlsx_has_two_sheets_with_correct_columns" time="0.377" /><testcase classname="backend.tests.test_fase1.TestExportSummaryDetail" name="test_pdf_export_valid" time="0.192" /><testcase classname="backend.tests.test_fase1.TestRegression" name="test_owner_login_me" time="0.092" /><testcase classname="backend.tests.test_fase1.TestRegression" name="test_dashboard_stats" time="0.199" /></testsuite></testsuites>