<?xml version="1.0" encoding="utf-8"?><testsuites name="pytest tests"><testsuite name="pytest" errors="0" failures="0" skipped="0" tests="24" time="7.839" timestamp="2026-06-30T10:33:55.769988+00:00" hostname="agent-env-e742ab04-dafe-4771-b23d-4d0248b93794"><testcase classname="backend.tests.test_fase3_leave.TestLeaveValidation" name="test_create_invalid_dates_end_before_start" time="4.273" /><testcase classname="backend.tests.test_fase3_leave.TestLeaveValidation" name="test_create_bad_date_format" time="0.070" /><testcase classname="backend.tests.test_fase3_leave.TestLeaveValidation" name="test_create_no_weekdays_in_range" time="0.209" /><testcase classname="backend.tests.test_fase3_leave.TestLeaveValidation" name="test_quota_exceeded" time="0.066" /><testcase classname="backend.tests.test_fase3_leave.TestSequentialApproval" name="test_wrong_role_reviewer_cannot_act_at_hrd" time="0.147" /><testcase classname="backend.tests.test_fase3_leave.TestSequentialApproval" name="test_wrong_role_direksi_cannot_act_at_hrd" time="0.093" /><testcase classname="backend.tests.test_fase3_leave.TestSequentialApproval" name="test_hrd_approves" time="0.088" /><testcase classname="backend.tests.test_fase3_leave.TestSequentialApproval" name="test_hrd_cannot_act_again" time="0.083" /><testcase classname="backend.tests.test_fase3_leave.TestSequentialApproval" name="test_direksi_approves" time="0.113" /><testcase classname="backend.tests.test_fase3_leave.TestSequentialApproval" name="test_non_reviewer_manager_blocked_at_reviewer" time="0.073" /><testcase classname="backend.tests.test_fase3_leave.TestSequentialApproval" name="test_reviewer_approves_finalizes" time="0.091" /><testcase classname="backend.tests.test_fase3_leave.TestSequentialApproval" name="test_balance_after_full_approval" time="0.075" /><testcase classname="backend.tests.test_fase3_leave.TestRejection" name="test_reject_at_hrd_then_no_more_actions" time="0.348" /><testcase classname="backend.tests.test_fase3_leave.TestReviewerToggle" name="test_owner_can_set_reviewer_on_manager" time="0.173" /><testcase classname="backend.tests.test_fase3_leave.TestReviewerToggle" name="test_cannot_set_reviewer_on_non_manager" time="0.095" /><testcase classname="backend.tests.test_fase3_leave.TestReviewerToggle" name="test_employees_list_includes_is_reviewer" time="0.118" /><testcase classname="backend.tests.test_fase3_leave.TestBalanceAndPending" name="test_balance_with_pending" time="0.139" /><testcase classname="backend.tests.test_fase3_leave.TestListScopingAndCounts" name="test_mine_scope_returns_only_own" time="0.064" /><testcase classname="backend.tests.test_fase3_leave.TestListScopingAndCounts" name="test_all_scope_for_approver_with_can_act" time="0.084" /><testcase classname="backend.tests.test_fase3_leave.TestListScopingAndCounts" name="test_pending_count_for_hrd" time="0.097" /><testcase classname="backend.tests.test_fase3_leave.TestNotifications" name="test_hrd_sees_leave_notification" time="0.081" /><testcase classname="backend.tests.test_fase3_leave.TestNotifications" name="test_requester_sees_decided_leave_notif" time="0.076" /><testcase classname="backend.tests.test_fase3_leave.TestSettingsLeaveQuota" name="test_settings_has_leave_quota_default" time="0.092" /><testcase classname="backend.tests.test_fase3_leave.TestSettingsLeaveQuota" name="test_owner_can_update_leave_quota" time="0.991" /></testsuite></testsuites>