<?xml version="1.0" encoding="utf-8"?><testsuites name="pytest tests"><testsuite name="pytest" errors="0" failures="0" skipped="0" tests="6" time="2.598" timestamp="2026-06-29T06:17:54.275775+00:00" hostname="agent-env-e742ab04-dafe-4771-b23d-4d0248b93794"><testcase classname="backend.tests.test_push.TestVapidPublicKey" name="test_returns_key_and_configured_true" time="0.543" /><testcase classname="backend.tests.test_push.TestPushSubscriptionLifecycle" name="test_subscribe_status_unsubscribe" time="1.216" /><testcase classname="backend.tests.test_push.TestPushSubscriptionLifecycle" name="test_subscribe_requires_auth" time="0.127" /><testcase classname="backend.tests.test_push.TestPushSubscriptionLifecycle" name="test_subscribe_invalid_payload_returns_400" time="0.129" /><testcase classname="backend.tests.test_push.TestPushHooksNoRegression" name="test_create_employee_still_works" time="0.433" /><testcase classname="backend.tests.test_push.TestPushHooksNoRegression" name="test_create_request_path_hook" time="0.096" /></testsuite></testsuites>