<?xml version="1.0" encoding="utf-8"?><testsuites name="pytest tests"><testsuite name="pytest" errors="0" failures="1" skipped="0" tests="31" time="8.305" timestamp="2026-06-21T05:56:29.203798+00:00" hostname="agent-env-e742ab04-dafe-4771-b23d-4d0248b93794"><testcase classname="backend.tests.test_absensipro.TestAuth" name="test_login_demo[owner@company.com-owner]" time="0.795" /><testcase classname="backend.tests.test_absensipro.TestAuth" name="test_login_demo[direksi@company.com-direksi]" time="0.298" /><testcase classname="backend.tests.test_absensipro.TestAuth" name="test_login_demo[manager@company.com-manager]" time="0.319" /><testcase classname="backend.tests.test_absensipro.TestAuth" name="test_login_demo[dewi@company.com-staff]" time="0.527" /><testcase classname="backend.tests.test_absensipro.TestAuth" name="test_login_invalid" time="0.302" /><testcase classname="backend.tests.test_absensipro.TestAuth" name="test_me_with_bearer" time="1.338" /><testcase classname="backend.tests.test_absensipro.TestAuth" name="test_me_without_token" time="0.102" /><testcase classname="backend.tests.test_absensipro.TestRBACMonitor" name="test_monitor_allowed[owner-/dashboard/stats]" time="0.082" /><testcase classname="backend.tests.test_absensipro.TestRBACMonitor" name="test_monitor_allowed[owner-/employees]" time="0.099" /><testcase classname="backend.tests.test_absensipro.TestRBACMonitor" name="test_monitor_allowed[owner-/attendance]" time="0.110" /><testcase classname="backend.tests.test_absensipro.TestRBACMonitor" name="test_monitor_allowed[direksi-/dashboard/stats]" time="0.088" /><testcase classname="backend.tests.test_absensipro.TestRBACMonitor" name="test_monitor_allowed[direksi-/employees]" time="0.074" /><testcase classname="backend.tests.test_absensipro.TestRBACMonitor" name="test_monitor_allowed[direksi-/attendance]" time="0.092" /><testcase classname="backend.tests.test_absensipro.TestRBACMonitor" name="test_monitor_allowed[manager-/dashboard/stats]" time="0.097" /><testcase classname="backend.tests.test_absensipro.TestRBACMonitor" name="test_monitor_allowed[manager-/employees]" time="0.071" /><testcase classname="backend.tests.test_absensipro.TestRBACMonitor" name="test_monitor_allowed[manager-/attendance]" time="0.091" /><testcase classname="backend.tests.test_absensipro.TestRBACMonitor" name="test_monitor_forbidden_for_staff[/dashboard/stats]" time="0.066" /><testcase classname="backend.tests.test_absensipro.TestRBACMonitor" name="test_monitor_forbidden_for_staff[/employees]" time="0.084" /><testcase classname="backend.tests.test_absensipro.TestRBACMonitor" name="test_monitor_forbidden_for_staff[/attendance]" time="0.070" /><testcase classname="backend.tests.test_absensipro.TestRBACManage" name="test_create_employee_forbidden_for_manager" time="0.076" /><testcase classname="backend.tests.test_absensipro.TestRBACManage" name="test_create_employee_forbidden_for_staff" time="0.080" /><testcase classname="backend.tests.test_absensipro.TestRBACManage" name="test_create_office_forbidden_for_manager" time="0.071" /><testcase classname="backend.tests.test_absensipro.TestAttendance" name="test_face_checkin_without_enrollment_returns_400" time="0.104" /><testcase classname="backend.tests.test_absensipro.TestAttendance" name="test_qr_checkin_out_of_geofence" time="0.806" /><testcase classname="backend.tests.test_absensipro.TestAttendance" name="test_qr_checkin_success_then_checkout_then_duplicate" time="0.945" /><testcase classname="backend.tests.test_absensipro.TestAttendance" name="test_qr_checkin_invalid_qr" time="0.733" /><testcase classname="backend.tests.test_absensipro.TestDashboard" name="test_dashboard_stats_shape" time="0.076" /><testcase classname="backend.tests.test_absensipro.TestEmployeesCRUD" name="test_full_crud_as_owner" time="0.292"><failure message="AssertionError: assert 'test_crud_96...8@company.com' == 'TEST_crud_96...8@company.com'&#10;  &#10;  - TEST_crud_96a67958@company.com&#10;  ? ^^^^&#10;  + test_crud_96a67958@company.com&#10;  ? ^^^^">backend/tests/test_absensipro.py:228: in test_full_crud_as_owner
    assert emp["email"] == email
E   AssertionError: assert 'test_crud_96...8@company.com' == 'TEST_crud_96...8@company.com'
E     
E     - TEST_crud_96a67958@company.com
E     ? ^^^^
E     + test_crud_96a67958@company.com
E     ? ^^^^</failure></testcase><testcase classname="backend.tests.test_absensipro.TestEmployeesCRUD" name="test_cannot_create_duplicate_email" time="0.071" /><testcase classname="backend.tests.test_absensipro.TestOffices" name="test_list_offices_for_staff" time="0.072" /><testcase classname="backend.tests.test_absensipro.TestOffices" name="test_create_office_as_owner" time="0.153" /></testsuite></testsuites>