<?xml version="1.0" encoding="utf-8"?><testsuites name="pytest tests"><testsuite name="pytest" errors="0" failures="0" skipped="0" tests="11" time="2.754" timestamp="2026-06-29T06:44:09.585386+00:00" hostname="agent-env-e742ab04-dafe-4771-b23d-4d0248b93794"><testcase classname="backend.tests.test_summary_export.TestAuthGuard" name="test_summary_requires_auth" time="0.571" /><testcase classname="backend.tests.test_summary_export.TestAuthGuard" name="test_export_requires_auth" time="0.330" /><testcase classname="backend.tests.test_summary_export.TestSummaryPayload" name="test_summary_structure_month" time="0.400" /><testcase classname="backend.tests.test_summary_export.TestSummaryPayload" name="test_workdays_matches_local_computation" time="0.116" /><testcase classname="backend.tests.test_summary_export.TestSummaryPayload" name="test_workdays_capped_by_today" time="0.104" /><testcase classname="backend.tests.test_summary_export.TestSummaryPayload" name="test_year_range" time="0.075" /><testcase classname="backend.tests.test_summary_export.TestSummaryPayload" name="test_q_filter_narrows_rows" time="0.286" /><testcase classname="backend.tests.test_summary_export.TestSummaryPayload" name="test_user_id_filter" time="0.190" /><testcase classname="backend.tests.test_summary_export.TestExport" name="test_export_pdf" time="0.281" /><testcase classname="backend.tests.test_summary_export.TestExport" name="test_export_xlsx" time="0.197" /><testcase classname="backend.tests.test_summary_export.TestExport" name="test_export_default_is_xlsx" time="0.126" /></testsuite></testsuites>